{
  "stats": {
    "suites": 2,
    "tests": 1,
    "passes": 0,
    "pending": 0,
    "failures": 1,
    "start": "2023-06-06T15:20:31.191Z",
    "end": "2023-06-06T15:20:43.360Z",
    "duration": 12169,
    "testsRegistered": 1,
    "passPercent": 0,
    "pendingPercent": 0,
    "other": 0,
    "hasOther": false,
    "skipped": 0,
    "hasSkipped": false
  },
  "results": [
    {
      "uuid": "32122906-74b4-4dc9-9558-ed9cf5d878ba",
      "title": "",
      "fullFile": "cypress\\e2e\\featureFiles\\test.feature",
      "file": "cypress\\e2e\\featureFiles\\test.feature",
      "beforeHooks": [],
      "afterHooks": [],
      "tests": [],
      "suites": [
        {
          "uuid": "819c812c-36a4-4fa9-9c16-8ac18cabd417",
          "title": "Testing eCommerce Website",
          "fullFile": "",
          "file": "",
          "beforeHooks": [],
          "afterHooks": [],
          "tests": [],
          "suites": [
            {
              "uuid": "41f85015-ffe6-4439-949d-82713ce8e356",
              "title": "Happy Paths",
              "fullFile": "",
              "file": "",
              "beforeHooks": [],
              "afterHooks": [],
              "tests": [
                {
                  "title": "Open Website with URL",
                  "fullTitle": "Testing eCommerce Website Happy Paths Open Website with URL",
                  "timedOut": null,
                  "duration": 3184,
                  "state": "failed",
                  "speed": null,
                  "pass": false,
                  "fail": true,
                  "pending": false,
                  "context": "{\n  \"title\": \"cypress-mochawesome-reporter-screenshots\",\n  \"value\": [\n    [\n      {\n        \"title\": \"Failed screenshot\",\n        \"value\": \"\\\\test.feature\\\\Testing eCommerce Website -- Happy Paths -- Open Website with URL (failed).png\"\n      }\n    ],\n    [\n      {\n        \"title\": \"Failed screenshot\",\n        \"value\": \"\\\\test.feature\\\\Testing eCommerce Website -- Happy Paths -- Open Website with URL (failed) (attempt 2).png\"\n      }\n    ]\n  ]\n}",
                  "code": "var _a2, _b, _c, _d, _e;\nconst { remainingSteps, testCaseStartedId } = retrieveInternalSpecProperties();\nif (context.messagesEnabled) {\n  taskTestCaseStarted({\n    id: testCaseStartedId,\n    testCaseId,\n    attempt: attempt++,\n    timestamp: (0, messages_1.createTimestamp)()\n  });\n}\nwindow.testState = {\n  gherkinDocument,\n  pickles,\n  pickle\n};\nfor (const step of steps) {\n  if (step.hook) {\n    const hook = step.hook;\n    cy.then(() => {\n      delete window.testState.pickleStep;\n      const start = (0, messages_1.createTimestamp)();\n      internalProperties.currentStepStartedAt = start;\n      if (context.messagesEnabled) {\n        taskTestStepStarted({\n          testStepId: hook.id,\n          testCaseStartedId,\n          timestamp: start\n        });\n      }\n      return cy.wrap(start, { log: false });\n    }).then((start) => {\n      (0, cypress_1.runStepWithLogGroup)({\n        fn: () => registry2.runHook(this, hook),\n        keyword: hook.keyword,\n        text: hook.tags\n      });\n      return cy.wrap(start, { log: false });\n    }).then((start) => {\n      const end = (0, messages_1.createTimestamp)();\n      if (context.messagesEnabled) {\n        taskTestStepFinished({\n          testStepId: hook.id,\n          testCaseStartedId,\n          testStepResult: {\n            status: messages.TestStepResultStatus.PASSED,\n            duration: (0, messages_1.duration)(start, end)\n          },\n          timestamp: end\n        });\n      }\n      remainingSteps.shift();\n    });\n  } else if (step.pickleStep) {\n    const pickleStep = step.pickleStep;\n    const text = (0, assertions_1.assertAndReturn)(pickleStep.text, \"Expected pickle step to have a text\");\n    const scenarioStep = (0, assertions_1.assertAndReturn)(context.astIdsMap.get((0, assertions_1.assertAndReturn)((_a2 = pickleStep.astNodeIds) === null || _a2 === void 0 ? void 0 : _a2[0], \"Expected to find at least one astNodeId\")), `Expected to find scenario step associated with id = ${(_b = pickleStep.astNodeIds) === null || _b === void 0 ? void 0 : _b[0]}`);\n    const argument = ((_c = pickleStep.argument) === null || _c === void 0 ? void 0 : _c.dataTable) ? new data_table_1.default(pickleStep.argument.dataTable) : ((_e = (_d = pickleStep.argument) === null || _d === void 0 ? void 0 : _d.docString) === null || _e === void 0 ? void 0 : _e.content) ? pickleStep.argument.docString.content : void 0;\n    cy.then(() => {\n      window.testState.pickleStep = step.pickleStep;\n      const start = (0, messages_1.createTimestamp)();\n      internalProperties.currentStep = { pickleStep };\n      internalProperties.currentStepStartedAt = start;\n      if (context.messagesEnabled) {\n        taskTestStepStarted({\n          testStepId: pickleStep.id,\n          testCaseStartedId,\n          timestamp: start\n        });\n      }\n      return cy.wrap(start, { log: false });\n    }).then((start) => {\n      const beforeStepHooks = registry2.resolveBeforeStepHooks(tags);\n      const afterStepHooks = registry2.resolveAfterStepHooks(tags);\n      const options = {\n        pickle,\n        pickleStep,\n        gherkinDocument,\n        testCaseStartedId,\n        testStepId: pickleStep.id\n      };\n      const beforeHooksChain = beforeStepHooks.reduce((chain, beforeStepHook) => {\n        return chain.then(() => (0, cypress_1.runStepWithLogGroup)({\n          keyword: \"BeforeStep\",\n          text: beforeStepHook.tags,\n          fn: () => registry2.runStepHook(this, beforeStepHook, options)\n        }));\n      }, cy.wrap({}, { log: false }));\n      return beforeHooksChain.then(() => {\n        try {\n          return (0, cypress_1.runStepWithLogGroup)({\n            keyword: (0, assertions_1.assertAndReturn)(\"keyword\" in scenarioStep && scenarioStep.keyword, \"Expected to find a keyword in the scenario step\"),\n            argument,\n            text,\n            fn: () => registry2.runStepDefininition(this, text, argument)\n          }).then((result) => {\n            return afterStepHooks.reverse().reduce((chain, afterStepHook) => {\n              return chain.then(() => (0, cypress_1.runStepWithLogGroup)({\n                keyword: \"AfterStep\",\n                text: afterStepHook.tags,\n                fn: () => registry2.runStepHook(this, afterStepHook, options)\n              }));\n            }, cy.wrap({}, { log: false })).then(() => {\n              return { start, result };\n            });\n          });\n        } catch (e) {\n          if (e instanceof registry_1.MissingDefinitionError) {\n            throw new Error(createMissingStepDefinitionMessage(context, pickleStep, context.registry.parameterTypeRegistry));\n          } else {\n            throw e;\n          }\n        }\n      });\n    }).then(({ start, result }) => {\n      var _a3, _b2, _c2;\n      const end = (0, messages_1.createTimestamp)();\n      if (result === \"pending\") {\n        if (context.messagesEnabled) {\n          taskTestStepFinished({\n            testStepId: pickleStep.id,\n            testCaseStartedId,\n            testStepResult: {\n              status: messages.TestStepResultStatus.PENDING,\n              duration: (0, messages_1.duration)(start, end)\n            },\n            timestamp: end\n          });\n          remainingSteps.shift();\n          for (const skippedStep of remainingSteps) {\n            const testStepId = (0, assertions_1.assertAndReturn)((_b2 = (_a3 = skippedStep.hook) === null || _a3 === void 0 ? void 0 : _a3.id) !== null && _b2 !== void 0 ? _b2 : (_c2 = skippedStep.pickleStep) === null || _c2 === void 0 ? void 0 : _c2.id, \"Expected a step to either be a hook or a pickleStep\");\n            taskTestStepStarted({\n              testStepId,\n              testCaseStartedId,\n              timestamp: (0, messages_1.createTimestamp)()\n            });\n            taskTestStepFinished({\n              testStepId,\n              testCaseStartedId,\n              testStepResult: {\n                status: messages.TestStepResultStatus.SKIPPED,\n                duration: {\n                  seconds: 0,\n                  nanos: 0\n                }\n              },\n              timestamp: (0, messages_1.createTimestamp)()\n            });\n          }\n        }\n        for (let i = 0, count = remainingSteps.length; i < count; i++) {\n          remainingSteps.pop();\n        }\n        cy.then(() => this.skip());\n      } else {\n        if (context.messagesEnabled) {\n          taskTestStepFinished({\n            testStepId: pickleStep.id,\n            testCaseStartedId,\n            testStepResult: {\n              status: messages.TestStepResultStatus.PASSED,\n              duration: (0, messages_1.duration)(start, end)\n            },\n            timestamp: end\n          });\n        }\n        remainingSteps.shift();\n      }\n    });\n  }\n}",
                  "err": {
                    "message": "Error: \nStep implementation missing for \"I can see items on home page\".\n\nWe tried searching for files containing step definitions using the following search pattern templates:\n\n  - cypress/e2e/stepDefinitions/*.{js,ts}\n\nThese templates resolved to the following search patterns:\n\n  - cypress\\e2e\\stepDefinitions\\*.{js,ts}\n\nThese patterns matched the following files:\n\n  - cypress\\e2e\\stepDefinitions\\test.js\n\nHowever, none of these files contained a step definition matching \"I can see items on home page\".\n\nYou can implement it using the suggestion(s) below.\n\n  When(\"I can see items on home page\", function () {\n    return \"pending\";\n  });\n  ",
                    "estack": "Error: \nStep implementation missing for \"I can see items on home page\".\n\nWe tried searching for files containing step definitions using the following search pattern templates:\n\n  - cypress/e2e/stepDefinitions/*.{js,ts}\n\nThese templates resolved to the following search patterns:\n\n  - cypress\\e2e\\stepDefinitions\\*.{js,ts}\n\nThese patterns matched the following files:\n\n  - cypress\\e2e\\stepDefinitions\\test.js\n\nHowever, none of these files contained a step definition matching \"I can see items on home page\".\n\nYou can implement it using the suggestion(s) below.\n\n  When(\"I can see items on home page\", function () {\n    return \"pending\";\n  });\n  \n    at Context.eval (https://www.google.com/__cypress/tests?p=cypress\\e2e\\featureFiles\\test.feature:14952:29)",
                    "diff": null
                  },
                  "uuid": "9826b021-708a-4761-8fca-1f0b07299c4e",
                  "parentUUID": "41f85015-ffe6-4439-949d-82713ce8e356",
                  "isHook": false,
                  "skipped": false
                }
              ],
              "suites": [],
              "passes": [],
              "failures": [
                "9826b021-708a-4761-8fca-1f0b07299c4e"
              ],
              "pending": [],
              "skipped": [],
              "duration": 3184,
              "root": false,
              "rootEmpty": false,
              "_timeout": 2000
            }
          ],
          "passes": [],
          "failures": [],
          "pending": [],
          "skipped": [],
          "duration": 0,
          "root": false,
          "rootEmpty": false,
          "_timeout": 2000
        }
      ],
      "passes": [],
      "failures": [],
      "pending": [],
      "skipped": [],
      "duration": 0,
      "root": true,
      "rootEmpty": true,
      "_timeout": 2000
    }
  ],
  "meta": {
    "mocha": {
      "version": "7.0.1"
    },
    "mochawesome": {
      "options": {
        "quiet": false,
        "reportFilename": "mochawesome",
        "saveHtml": false,
        "saveJson": true,
        "consoleReporter": "spec",
        "useInlineDiffs": false,
        "code": true
      },
      "version": "7.1.3"
    },
    "marge": {
      "options": {
        "charts": true,
        "reportPageTitle": "Sample Test Result - Report",
        "embeddedScreenshots": true,
        "inlineAssets": true,
        "saveAllAttempts": false,
        "overwrite": false,
        "html": false,
        "json": true,
        "reportDir": "cypress\\reports\\html\\.jsons"
      },
      "version": "6.2.0"
    }
  }
}